Performing C++ SOURCE FILE Test CMAKE_HAVE_LIBC_PTHREAD failed with the following output:
Change Dir: C:/Qt/Examples/Qt-6.4.2/widgets/tools/build-echoplugin-Desktop_Qt_6_4_2_MSVC2019_64bit-Debug/CMakeFiles/CMakeTmp

Run Build Command(s):C:/PROGRA~1/MICROS~4/2022/COMMUN~1/Common7/IDE/COMMON~1/MICROS~1/CMake/Ninja/ninja.exe cmTC_fa8ec && [1/2] Building CXX object CMakeFiles\cmTC_fa8ec.dir\src.cxx.obj
FAILED: CMakeFiles/cmTC_fa8ec.dir/src.cxx.obj 
C:\PROGRA~1\MICROS~4\2022\COMMUN~1\VC\Tools\MSVC\1435~1.322\bin\HostX64\x64\cl.exe  /nologo /TP -DCMAKE_HAVE_LIBC_PTHREAD  -DQT_QML_DEBUG /DWIN32 /D_WINDOWS /GR /EHsc  /Zi /Ob0 /Od /RTC1 -MDd /showIncludes /FoCMakeFiles\cmTC_fa8ec.dir\src.cxx.obj /FdCMakeFiles\cmTC_fa8ec.dir\ /FS -c C:\Qt\Examples\Qt-6.4.2\widgets\tools\build-echoplugin-Desktop_Qt_6_4_2_MSVC2019_64bit-Debug\CMakeFiles\CMakeTmp\src.cxx
C:\Qt\Examples\Qt-6.4.2\widgets\tools\build-echoplugin-Desktop_Qt_6_4_2_MSVC2019_64bit-Debug\CMakeFiles\CMakeTmp\src.cxx(1): fatal error C1083: 无法打开包括文件: “pthread.h”: No such file or directory
ninja: build stopped: subcommand failed.


Source file was:
#include <pthread.h>

static void* test_func(void* data)
{
  return data;
}

int main(void)
{
  pthread_t thread;
  pthread_create(&thread, NULL, test_func, NULL);
  pthread_detach(thread);
  pthread_cancel(thread);
  pthread_join(thread, NULL);
  pthread_atfork(NULL, NULL, NULL);
  pthread_exit(NULL);

  return 0;
}

Determining if the function pthread_create exists in the pthreads failed with the following output:
Change Dir: C:/Qt/Examples/Qt-6.4.2/widgets/tools/build-echoplugin-Desktop_Qt_6_4_2_MSVC2019_64bit-Debug/CMakeFiles/CMakeTmp

Run Build Command(s):C:/PROGRA~1/MICROS~4/2022/COMMUN~1/Common7/IDE/COMMON~1/MICROS~1/CMake/Ninja/ninja.exe cmTC_12f09 && [1/2] Building CXX object CMakeFiles\cmTC_12f09.dir\CheckFunctionExists.cxx.obj
[2/2] Linking CXX executable cmTC_12f09.exe
FAILED: cmTC_12f09.exe 
cmd.exe /C "cd . && C:\Qt\Tools\CMake_64\bin\cmake.exe -E vs_link_exe --intdir=CMakeFiles\cmTC_12f09.dir --rc=C:\PROGRA~2\WI3CF2~1\10\bin\100190~1.0\x64\rc.exe --mt=C:\PROGRA~2\WI3CF2~1\10\bin\100190~1.0\x64\mt.exe --manifests  -- C:\PROGRA~1\MICROS~4\2022\COMMUN~1\VC\Tools\MSVC\1435~1.322\bin\Hostx64\x64\link.exe /nologo CMakeFiles\cmTC_12f09.dir\CheckFunctionExists.cxx.obj  /out:cmTC_12f09.exe /implib:cmTC_12f09.lib /pdb:cmTC_12f09.pdb /version:0.0 /machine:x64  /debug /INCREMENTAL /subsystem:console  pthreads.lib  kernel32.lib user32.lib gdi32.lib winspool.lib shell32.lib ole32.lib oleaut32.lib uuid.lib comdlg32.lib advapi32.lib && cd ."
LINK Pass 1: command "C:\PROGRA~1\MICROS~4\2022\COMMUN~1\VC\Tools\MSVC\1435~1.322\bin\Hostx64\x64\link.exe /nologo CMakeFiles\cmTC_12f09.dir\CheckFunctionExists.cxx.obj /out:cmTC_12f09.exe /implib:cmTC_12f09.lib /pdb:cmTC_12f09.pdb /version:0.0 /machine:x64 /debug /INCREMENTAL /subsystem:console pthreads.lib kernel32.lib user32.lib gdi32.lib winspool.lib shell32.lib ole32.lib oleaut32.lib uuid.lib comdlg32.lib advapi32.lib /MANIFEST /MANIFESTFILE:CMakeFiles\cmTC_12f09.dir/intermediate.manifest CMakeFiles\cmTC_12f09.dir/manifest.res" failed (exit code 1104) with the following output:
LINK : fatal error LNK1104: 无法打开文件“pthreads.lib”
ninja: build stopped: subcommand failed.



Determining if the function pthread_create exists in the pthread failed with the following output:
Change Dir: C:/Qt/Examples/Qt-6.4.2/widgets/tools/build-echoplugin-Desktop_Qt_6_4_2_MSVC2019_64bit-Debug/CMakeFiles/CMakeTmp

Run Build Command(s):C:/PROGRA~1/MICROS~4/2022/COMMUN~1/Common7/IDE/COMMON~1/MICROS~1/CMake/Ninja/ninja.exe cmTC_b61c7 && [1/2] Building CXX object CMakeFiles\cmTC_b61c7.dir\CheckFunctionExists.cxx.obj
[2/2] Linking CXX executable cmTC_b61c7.exe
FAILED: cmTC_b61c7.exe 
cmd.exe /C "cd . && C:\Qt\Tools\CMake_64\bin\cmake.exe -E vs_link_exe --intdir=CMakeFiles\cmTC_b61c7.dir --rc=C:\PROGRA~2\WI3CF2~1\10\bin\100190~1.0\x64\rc.exe --mt=C:\PROGRA~2\WI3CF2~1\10\bin\100190~1.0\x64\mt.exe --manifests  -- C:\PROGRA~1\MICROS~4\2022\COMMUN~1\VC\Tools\MSVC\1435~1.322\bin\Hostx64\x64\link.exe /nologo CMakeFiles\cmTC_b61c7.dir\CheckFunctionExists.cxx.obj  /out:cmTC_b61c7.exe /implib:cmTC_b61c7.lib /pdb:cmTC_b61c7.pdb /version:0.0 /machine:x64  /debug /INCREMENTAL /subsystem:console  pthread.lib  kernel32.lib user32.lib gdi32.lib winspool.lib shell32.lib ole32.lib oleaut32.lib uuid.lib comdlg32.lib advapi32.lib && cd ."
LINK Pass 1: command "C:\PROGRA~1\MICROS~4\2022\COMMUN~1\VC\Tools\MSVC\1435~1.322\bin\Hostx64\x64\link.exe /nologo CMakeFiles\cmTC_b61c7.dir\CheckFunctionExists.cxx.obj /out:cmTC_b61c7.exe /implib:cmTC_b61c7.lib /pdb:cmTC_b61c7.pdb /version:0.0 /machine:x64 /debug /INCREMENTAL /subsystem:console pthread.lib kernel32.lib user32.lib gdi32.lib winspool.lib shell32.lib ole32.lib oleaut32.lib uuid.lib comdlg32.lib advapi32.lib /MANIFEST /MANIFESTFILE:CMakeFiles\cmTC_b61c7.dir/intermediate.manifest CMakeFiles\cmTC_b61c7.dir/manifest.res" failed (exit code 1104) with the following output:
LINK : fatal error LNK1104: 无法打开文件“pthread.lib”
ninja: build stopped: subcommand failed.



